<?xml version="1.0" encoding="UTF-8"?>
<!-- Generated by org.testng.reporters.JUnitReportReporter -->
<testsuite hostname="FOCUS-QA-133" name="com.focus.testcases.URLBrowserTest" tests="2" failures="0" timestamp="3 Jan 2023 09:57:14 GMT" time="7.531" errors="0">
  <testcase name="verifyBrowserOpen" time="4.570" classname="com.focus.testcases.URLBrowserTest"/>
  <testcase name="checkLoginPageTitleByURLInputInBrowser" time="2.961" classname="com.focus.testcases.URLBrowserTest"/>
</testsuite> <!-- com.focus.testcases.URLBrowserTest -->
